<?xml version="1.0" encoding="UTF-8"?>
<!-- Generated by org.testng.reporters.JUnitXMLReporter -->
<testsuite ignored="6" hostname="Rahman2202" failures="4" tests="6" name="Surefire test" time="27.101" errors="0" timestamp="2025-09-06T23:47:02 EDT">
  <testcase classname="TestPackge.CustomerLoginTest" name="checkTitle" time="1.674"/>
  <testcase classname="TestPackge.CustomerLoginTest" name="checkCustomer" time="0.526"/>
  <testcase classname="TestPackge.RegFormTest" name="regFormDetails" time="0.014">
    <failure type="java.lang.NullPointerException" message="Cannot invoke &amp;quot;Pages.HomePage.clickForm()&amp;quot; because &amp;quot;this.hp&amp;quot; is null">
      <![CDATA[java.lang.NullPointerException: Cannot invoke "Pages.HomePage.clickForm()" because "this.hp" is null
at TestPackge.RegFormTest.regFormDetails(RegFormTest.java:9)
at java.base/java.util.ArrayList.forEach(ArrayList.java:1511)
... Removed 32 stack frames]]>
    </failure>
  </testcase> <!-- regFormDetails -->
  <testcase classname="TestPackge.RegTest" name="regPageNavigate" time="0.005">
    <failure type="java.lang.NullPointerException" message="Cannot invoke &amp;quot;Pages.HomePage.getTitle()&amp;quot; because &amp;quot;this.hp&amp;quot; is null">
      <![CDATA[java.lang.NullPointerException: Cannot invoke "Pages.HomePage.getTitle()" because "this.hp" is null
at TestPackge.RegTest.regPageNavigate(RegTest.java:12)
at java.base/java.util.ArrayList.forEach(ArrayList.java:1511)
... Removed 32 stack frames]]>
    </failure>
  </testcase> <!-- regPageNavigate -->
  <testcase classname="TestPackge.TestHome" name="testHomePageTitle" time="0.006">
    <failure type="java.lang.NullPointerException" message="Cannot invoke &amp;quot;Pages.HomePage.getTitle()&amp;quot; because &amp;quot;this.hp&amp;quot; is null">
      <![CDATA[java.lang.NullPointerException: Cannot invoke "Pages.HomePage.getTitle()" because "this.hp" is null
at TestPackge.TestHome.testHomePageTitle(TestHome.java:13)
at java.base/java.util.ArrayList.forEach(ArrayList.java:1511)
... Removed 32 stack frames]]>
    </failure>
  </testcase> <!-- testHomePageTitle -->
  <testcase classname="TestPackge.TestHome" name="checkUrl" time="0.007">
    <failure type="java.lang.NullPointerException" message="Cannot invoke &amp;quot;Pages.HomePage.getUrl()&amp;quot; because &amp;quot;this.hp&amp;quot; is null">
      <![CDATA[java.lang.NullPointerException: Cannot invoke "Pages.HomePage.getUrl()" because "this.hp" is null
at TestPackge.TestHome.checkUrl(TestHome.java:19)
at java.base/java.util.ArrayList.forEach(ArrayList.java:1511)
... Removed 32 stack frames]]>
    </failure>
  </testcase> <!-- checkUrl -->
  <testcase classname="TestPackge.BaseClass" name="@AfterTest tearDown" time="0.0">
    <ignored/>
  </testcase> <!-- @AfterTest tearDown -->
  <testcase classname="TestPackge.BaseClass" name="@AfterTest tearDown" time="0.0">
    <ignored/>
  </testcase> <!-- @AfterTest tearDown -->
  <testcase classname="TestPackge.BaseClass" name="@BeforeTest testSetup" time="0.0">
    <ignored/>
  </testcase> <!-- @BeforeTest testSetup -->
  <testcase classname="TestPackge.BaseClass" name="@AfterTest tearDown" time="0.0">
    <ignored/>
  </testcase> <!-- @AfterTest tearDown -->
  <testcase classname="TestPackge.BaseClass" name="@BeforeTest testSetup" time="0.0">
    <ignored/>
  </testcase> <!-- @BeforeTest testSetup -->
  <testcase classname="TestPackge.BaseClass" name="@BeforeTest testSetup" time="0.0">
    <ignored/>
  </testcase> <!-- @BeforeTest testSetup -->
</testsuite> <!-- Surefire test -->
