<?xml version="1.0" encoding="UTF-8"?>
<!-- Generated by org.testng.reporters.JUnitXMLReporter -->
<testsuite ignored="0" hostname="Rahman2202" failures="0" tests="3" name="AcctPageTest" time="38.287" errors="0" timestamp="2025-09-07T00:01:15 EDT">
  <testcase classname="TestPackge.AcctPageTesting" name="accountDetails" time="5.393"/>
  <testcase classname="TestPackge.AcctPageTesting" name="depositTest" time="1.888"/>
  <testcase classname="TestPackge.AcctPageTesting" name="welcomeMsg" time="0.01"/>
</testsuite> <!-- AcctPageTest -->
