<?xml version="1.0" encoding="UTF-8"?>
<!-- Generated by org.testng.reporters.JUnitXMLReporter -->
<testsuite ignored="0" hostname="Rahman2202" failures="1" tests="4" name="Test" time="43.932" errors="0" timestamp="2025-09-03T23:13:04 EDT">
  <testcase classname="TestPackge.TestHome" name="testHomePageTitle" time="0.082"/>
  <testcase classname="TestPackge.TestHome" name="checkUrl" time="0.004"/>
  <testcase classname="TestPackge.TestHome" name="clickRegForm" time="2.12"/>
  <testcase classname="TestPackge.TestHome" name="fillTheForm" time="30.218">
    <failure type="com.microsoft.playwright.TimeoutError" message="Error {
  message=&amp;apos;Timeout 30000ms exceeded.
  name=&amp;apos;TimeoutError
  stack=&amp;apos;TimeoutError: Timeout 30000ms exceeded.
    at ProgressController.run (C:\Users\mofiz\AppData\Local\Temp\playwright-java-13754736558661872484\package\lib\server\progress.js:65:26)
    at FrameDispatcher._runCommand (C:\Users\mofiz\AppData\Local\Temp\playwright-java-13754736558661872484\package\lib\server\dispatchers\dispatcher.js:91:31)
    at DispatcherConnection.dispatch (C:\Users\mofiz\AppData\Local\Temp\playwright-java-13754736558661872484\package\lib\server\dispatchers\dispatcher.js:322:39)
}
Call log:
-   - waiting for locator(&amp;quot;internal:attr=[data-testid=\&amp;quot;div#errorMessage\&amp;quot;]&amp;quot;)
">
      <![CDATA[com.microsoft.playwright.TimeoutError: Error {
  message='Timeout 30000ms exceeded.
  name='TimeoutError
  stack='TimeoutError: Timeout 30000ms exceeded.
    at ProgressController.run (C:\Users\mofiz\AppData\Local\Temp\playwright-java-13754736558661872484\package\lib\server\progress.js:65:26)
    at FrameDispatcher._runCommand (C:\Users\mofiz\AppData\Local\Temp\playwright-java-13754736558661872484\package\lib\server\dispatchers\dispatcher.js:91:31)
    at DispatcherConnection.dispatch (C:\Users\mofiz\AppData\Local\Temp\playwright-java-13754736558661872484\package\lib\server\dispatchers\dispatcher.js:322:39)
}
Call log:
-   - waiting for locator("internal:attr=[data-testid=\"div#errorMessage\"]")

at com.microsoft.playwright.impl.WaitableResult.get(WaitableResult.java:52)
at com.microsoft.playwright.impl.ChannelOwner.runUntil(ChannelOwner.java:138)
at com.microsoft.playwright.impl.Connection.sendMessage(Connection.java:131)
at com.microsoft.playwright.impl.ChannelOwner.sendMessage(ChannelOwner.java:124)
at com.microsoft.playwright.impl.FrameImpl.textContent(FrameImpl.java:763)
at com.microsoft.playwright.impl.LocatorImpl.textContent(LocatorImpl.java:601)
at com.microsoft.playwright.Locator.textContent(Locator.java:5311)
at Pages.RegstPage.register(RegstPage.java:43)
at TestPackge.TestHome.fillTheForm(TestHome.java:34)
at java.base/java.util.ArrayList.forEach(ArrayList.java:1511)
Caused by: com.microsoft.playwright.TimeoutError: Error {
  message='Timeout 30000ms exceeded.
  name='TimeoutError
  stack='TimeoutError: Timeout 30000ms exceeded.
    at ProgressController.run (C:\Users\mofiz\AppData\Local\Temp\playwright-java-13754736558661872484\package\lib\server\progress.js:65:26)
    at FrameDispatcher._runCommand (C:\Users\mofiz\AppData\Local\Temp\playwright-java-13754736558661872484\package\lib\server\dispatchers\dispatcher.js:91:31)
    at DispatcherConnection.dispatch (C:\Users\mofiz\AppData\Local\Temp\playwright-java-13754736558661872484\package\lib\server\dispatchers\dispatcher.js:322:39)
}
Call log:
-   - waiting for locator("internal:attr=[data-testid=\"div#errorMessage\"]")

at com.microsoft.playwright.impl.Connection.dispatch(Connection.java:257)
at com.microsoft.playwright.impl.Connection.processOneMessage(Connection.java:214)
at com.microsoft.playwright.impl.ChannelOwner.runUntil(ChannelOwner.java:136)
... 35 more
... Removed 27 stack frames]]>
    </failure>
  </testcase> <!-- fillTheForm -->
</testsuite> <!-- Test -->
