<?xml version="1.0" encoding="UTF-8"?>
<!-- Generated by org.testng.reporters.JUnitXMLReporter -->
<testsuite ignored="0" hostname="Rahman2202" failures="0" tests="3" name="Test" time="13.748" errors="0" timestamp="2025-09-03T12:38:28 EDT">
  <testcase classname="TestPackge.TestHome" name="testHomePageTitle" time="0.075"/>
  <testcase classname="TestPackge.TestHome" name="checkUrl" time="0.001"/>
  <testcase classname="TestPackge.TestHome" name="clickRegForm" time="1.472"/>
</testsuite> <!-- Test -->
