<?xml version="1.0" encoding="UTF-8"?>
<testng-results ignored="0" total="8" passed="8" failed="0" skipped="0">
  <reporter-output>
  </reporter-output>
  <suite started-at="2025-09-07T00:00:36 EDT" name="PlaywrightPageObjectModel" finished-at="2025-09-07T00:01:15 EDT" duration-ms="38287">
    <groups>
    </groups>
    <test started-at="2025-09-07T00:00:36 EDT" name="HomeTest" finished-at="2025-09-07T00:01:09 EDT" duration-ms="32383">
      <class name="TestPackge.TestHome">
        <test-method is-config="true" signature="testSetup()[pri:0, instance:TestPackge.TestHome@4bff2185]" started-at="2025-09-07T00:00:36 EDT" name="testSetup" finished-at="2025-09-07T00:01:07 EDT" duration-ms="30760" status="PASS">
          <reporter-output>
          </reporter-output>
        </test-method> <!-- testSetup -->
        <test-method signature="testHomePageTitle()[pri:1, instance:TestPackge.TestHome@4bff2185]" started-at="2025-09-07T00:01:07 EDT" name="testHomePageTitle" finished-at="2025-09-07T00:01:08 EDT" duration-ms="564" status="PASS">
          <reporter-output>
          </reporter-output>
        </test-method> <!-- testHomePageTitle -->
        <test-method signature="checkUrl()[pri:2, instance:TestPackge.TestHome@4bff2185]" started-at="2025-09-07T00:01:09 EDT" name="checkUrl" finished-at="2025-09-07T00:01:09 EDT" duration-ms="5" status="PASS">
          <reporter-output>
          </reporter-output>
        </test-method> <!-- checkUrl -->
        <test-method is-config="true" signature="tearDown()[pri:0, instance:TestPackge.TestHome@4bff2185]" started-at="2025-09-07T00:01:09 EDT" name="tearDown" finished-at="2025-09-07T00:01:09 EDT" duration-ms="142" status="PASS">
          <reporter-output>
          </reporter-output>
        </test-method> <!-- tearDown -->
      </class> <!-- TestPackge.TestHome -->
    </test> <!-- HomeTest -->
    <test started-at="2025-09-07T00:00:36 EDT" name="RegForm" finished-at="2025-09-07T00:01:10 EDT" duration-ms="33802">
      <class name="TestPackge.RegFormTest">
        <test-method is-config="true" signature="testSetup()[pri:0, instance:TestPackge.RegFormTest@21719a0]" started-at="2025-09-07T00:00:36 EDT" name="testSetup" finished-at="2025-09-07T00:01:07 EDT" duration-ms="30653" status="PASS">
          <reporter-output>
          </reporter-output>
        </test-method> <!-- testSetup -->
        <test-method signature="regFormDetails()[pri:0, instance:TestPackge.RegFormTest@21719a0]" started-at="2025-09-07T00:01:07 EDT" name="regFormDetails" finished-at="2025-09-07T00:01:10 EDT" duration-ms="2789" status="PASS">
          <reporter-output>
          </reporter-output>
        </test-method> <!-- regFormDetails -->
        <test-method is-config="true" signature="tearDown()[pri:0, instance:TestPackge.RegFormTest@21719a0]" started-at="2025-09-07T00:01:10 EDT" name="tearDown" finished-at="2025-09-07T00:01:10 EDT" duration-ms="51" status="PASS">
          <reporter-output>
          </reporter-output>
        </test-method> <!-- tearDown -->
      </class> <!-- TestPackge.RegFormTest -->
    </test> <!-- RegForm -->
    <test started-at="2025-09-07T00:00:36 EDT" name="CustLoginTest" finished-at="2025-09-07T00:01:12 EDT" duration-ms="35213">
      <class name="TestPackge.CustomerLoginTest">
        <test-method is-config="true" signature="testSetup()[pri:0, instance:TestPackge.CustomerLoginTest@6075b2d3]" started-at="2025-09-07T00:00:36 EDT" name="testSetup" finished-at="2025-09-07T00:01:07 EDT" duration-ms="30763" status="PASS">
          <reporter-output>
          </reporter-output>
        </test-method> <!-- testSetup -->
        <test-method signature="checkTitle()[pri:1, instance:TestPackge.CustomerLoginTest@6075b2d3]" started-at="2025-09-07T00:01:07 EDT" name="checkTitle" finished-at="2025-09-07T00:01:11 EDT" duration-ms="3136" status="PASS">
          <reporter-output>
          </reporter-output>
        </test-method> <!-- checkTitle -->
        <test-method signature="checkCustomer()[pri:2, instance:TestPackge.CustomerLoginTest@6075b2d3]" started-at="2025-09-07T00:01:11 EDT" name="checkCustomer" finished-at="2025-09-07T00:01:12 EDT" duration-ms="1066" status="PASS">
          <reporter-output>
          </reporter-output>
        </test-method> <!-- checkCustomer -->
        <test-method is-config="true" signature="tearDown()[pri:0, instance:TestPackge.CustomerLoginTest@6075b2d3]" started-at="2025-09-07T00:01:12 EDT" name="tearDown" finished-at="2025-09-07T00:01:12 EDT" duration-ms="47" status="PASS">
          <reporter-output>
          </reporter-output>
        </test-method> <!-- tearDown -->
      </class> <!-- TestPackge.CustomerLoginTest -->
    </test> <!-- CustLoginTest -->
    <test started-at="2025-09-07T00:00:36 EDT" name="AcctPageTest" finished-at="2025-09-07T00:01:15 EDT" duration-ms="38287">
      <class name="TestPackge.AcctPageTesting">
        <test-method is-config="true" signature="testSetup()[pri:0, instance:TestPackge.AcctPageTesting@3028e50e]" started-at="2025-09-07T00:00:36 EDT" name="testSetup" finished-at="2025-09-07T00:01:07 EDT" duration-ms="30653" status="PASS">
          <reporter-output>
          </reporter-output>
        </test-method> <!-- testSetup -->
        <test-method signature="accountDetails()[pri:1, instance:TestPackge.AcctPageTesting@3028e50e]" started-at="2025-09-07T00:01:07 EDT" name="accountDetails" finished-at="2025-09-07T00:01:13 EDT" duration-ms="5393" status="PASS">
          <reporter-output>
          </reporter-output>
        </test-method> <!-- accountDetails -->
        <test-method signature="depositTest()[pri:2, instance:TestPackge.AcctPageTesting@3028e50e]" started-at="2025-09-07T00:01:13 EDT" name="depositTest" finished-at="2025-09-07T00:01:15 EDT" duration-ms="1888" status="PASS">
          <reporter-output>
          </reporter-output>
        </test-method> <!-- depositTest -->
        <test-method signature="welcomeMsg()[pri:2, instance:TestPackge.AcctPageTesting@3028e50e]" started-at="2025-09-07T00:01:15 EDT" name="welcomeMsg" finished-at="2025-09-07T00:01:15 EDT" duration-ms="10" status="PASS">
          <reporter-output>
          </reporter-output>
        </test-method> <!-- welcomeMsg -->
        <test-method is-config="true" signature="tearDown()[pri:0, instance:TestPackge.AcctPageTesting@3028e50e]" started-at="2025-09-07T00:01:15 EDT" name="tearDown" finished-at="2025-09-07T00:01:15 EDT" duration-ms="29" status="PASS">
          <reporter-output>
          </reporter-output>
        </test-method> <!-- tearDown -->
      </class> <!-- TestPackge.AcctPageTesting -->
    </test> <!-- AcctPageTest -->
  </suite> <!-- PlaywrightPageObjectModel -->
</testng-results>
