<?xml version="1.0" encoding="UTF-8"?>
<testng-results ignored="0" total="3" passed="3" failed="0" skipped="0">
  <reporter-output>
  </reporter-output>
  <suite started-at="2025-09-03T12:38:14 EDT" name="Suite" finished-at="2025-09-03T12:38:28 EDT" duration-ms="13748">
    <groups>
    </groups>
    <test started-at="2025-09-03T12:38:14 EDT" name="Test" finished-at="2025-09-03T12:38:28 EDT" duration-ms="13748">
      <class name="TestPackge.TestHome">
        <test-method is-config="true" signature="testSetup()[pri:0, instance:TestPackge.TestHome@34cf5a97]" started-at="2025-09-03T12:38:14 EDT" name="testSetup" finished-at="2025-09-03T12:38:26 EDT" duration-ms="11984" status="PASS">
          <reporter-output>
          </reporter-output>
        </test-method> <!-- testSetup -->
        <test-method signature="testHomePageTitle()[pri:1, instance:TestPackge.TestHome@34cf5a97]" started-at="2025-09-03T12:38:26 EDT" name="testHomePageTitle" finished-at="2025-09-03T12:38:27 EDT" duration-ms="75" status="PASS">
          <reporter-output>
          </reporter-output>
        </test-method> <!-- testHomePageTitle -->
        <test-method signature="checkUrl()[pri:2, instance:TestPackge.TestHome@34cf5a97]" started-at="2025-09-03T12:38:27 EDT" name="checkUrl" finished-at="2025-09-03T12:38:27 EDT" duration-ms="1" status="PASS">
          <reporter-output>
          </reporter-output>
        </test-method> <!-- checkUrl -->
        <test-method signature="clickRegForm()[pri:3, instance:TestPackge.TestHome@34cf5a97]" started-at="2025-09-03T12:38:27 EDT" name="clickRegForm" finished-at="2025-09-03T12:38:28 EDT" duration-ms="1472" status="PASS">
          <reporter-output>
          </reporter-output>
        </test-method> <!-- clickRegForm -->
      </class> <!-- TestPackge.TestHome -->
    </test> <!-- Test -->
  </suite> <!-- Suite -->
</testng-results>
