<?xml version="1.0" encoding="UTF-8"?>
<testsuite xmlns:xsi="http://www.w3.org/2001/XMLSchema-instance" xsi:noNamespaceSchemaLocation="https://maven.apache.org/surefire/maven-surefire-plugin/xsd/surefire-test-report-3.0.xsd" version="3.0" name="TestSuite" time="14.924" tests="3" errors="0" skipped="0" failures="0">
  <properties>
[...]
</properties>
  <testcase name="testHomePageTitle" classname="TestPackge.TestHome" time="0.206">
    <system-out><![CDATA[Launching in Firefox Browser
Protractor practice website - Banking App
]]></system-out>
    <system-err><![CDATA[SLF4J: Failed to load class "org.slf4j.impl.StaticLoggerBinder".
SLF4J: Defaulting to no-operation (NOP) logger implementation
SLF4J: See http://www.slf4j.org/codes.html#StaticLoggerBinder for further details.
]]></system-err>
  </testcase>
  <testcase name="checkUrl" classname="TestPackge.TestHome" time="0.009">
    <system-out><![CDATA[https://www.way2automation.com/angularjs-protractor/banking/#/login
]]></system-out>
  </testcase>
  <testcase name="clickRegForm" classname="TestPackge.TestHome" time="1.475"/>
</testsuite>