<?xml version="1.0" encoding="UTF-8"?>
<testng-results ignored="0" total="8" passed="8" failed="0" skipped="0">
  <reporter-output>
  </reporter-output>
  <suite started-at="2025-09-06T23:48:54 EDT" name="PlaywrightPageObjectModel" finished-at="2025-09-06T23:49:38 EDT" duration-ms="44620">
    <groups>
    </groups>
    <test started-at="2025-09-06T23:48:54 EDT" name="HomeTest" finished-at="2025-09-06T23:49:29 EDT" duration-ms="35217">
      <class name="TestPackge.TestHome">
        <test-method is-config="true" signature="testSetup()[pri:0, instance:TestPackge.TestHome@5b799640]" started-at="2025-09-06T23:48:54 EDT" name="testSetup" finished-at="2025-09-06T23:49:24 EDT" duration-ms="30263" status="PASS">
          <reporter-output>
          </reporter-output>
        </test-method> <!-- testSetup -->
        <test-method signature="testHomePageTitle()[pri:1, instance:TestPackge.TestHome@5b799640]" started-at="2025-09-06T23:49:25 EDT" name="testHomePageTitle" finished-at="2025-09-06T23:49:28 EDT" duration-ms="3300" status="PASS">
          <reporter-output>
          </reporter-output>
        </test-method> <!-- testHomePageTitle -->
        <test-method signature="checkUrl()[pri:2, instance:TestPackge.TestHome@5b799640]" started-at="2025-09-06T23:49:29 EDT" name="checkUrl" finished-at="2025-09-06T23:49:29 EDT" duration-ms="20" status="PASS">
          <reporter-output>
          </reporter-output>
        </test-method> <!-- checkUrl -->
        <test-method is-config="true" signature="tearDown()[pri:0, instance:TestPackge.TestHome@5b799640]" started-at="2025-09-06T23:49:29 EDT" name="tearDown" finished-at="2025-09-06T23:49:29 EDT" duration-ms="127" status="PASS">
          <reporter-output>
          </reporter-output>
        </test-method> <!-- tearDown -->
      </class> <!-- TestPackge.TestHome -->
    </test> <!-- HomeTest -->
    <test started-at="2025-09-06T23:48:54 EDT" name="AcctPageTest" finished-at="2025-09-06T23:49:34 EDT" duration-ms="39961">
      <class name="TestPackge.AcctPageTesting">
        <test-method is-config="true" signature="testSetup()[pri:0, instance:TestPackge.AcctPageTesting@5276d6ee]" started-at="2025-09-06T23:48:54 EDT" name="testSetup" finished-at="2025-09-06T23:49:26 EDT" duration-ms="32599" status="PASS">
          <reporter-output>
          </reporter-output>
        </test-method> <!-- testSetup -->
        <test-method signature="accountDetails()[pri:1, instance:TestPackge.AcctPageTesting@5276d6ee]" started-at="2025-09-06T23:49:26 EDT" name="accountDetails" finished-at="2025-09-06T23:49:32 EDT" duration-ms="5282" status="PASS">
          <reporter-output>
          </reporter-output>
        </test-method> <!-- accountDetails -->
        <test-method signature="depositTest()[pri:2, instance:TestPackge.AcctPageTesting@5276d6ee]" started-at="2025-09-06T23:49:32 EDT" name="depositTest" finished-at="2025-09-06T23:49:34 EDT" duration-ms="1874" status="PASS">
          <reporter-output>
          </reporter-output>
        </test-method> <!-- depositTest -->
        <test-method signature="welcomeMsg()[pri:2, instance:TestPackge.AcctPageTesting@5276d6ee]" started-at="2025-09-06T23:49:34 EDT" name="welcomeMsg" finished-at="2025-09-06T23:49:34 EDT" duration-ms="27" status="PASS">
          <reporter-output>
          </reporter-output>
        </test-method> <!-- welcomeMsg -->
        <test-method is-config="true" signature="tearDown()[pri:0, instance:TestPackge.AcctPageTesting@5276d6ee]" started-at="2025-09-06T23:49:34 EDT" name="tearDown" finished-at="2025-09-06T23:49:34 EDT" duration-ms="89" status="PASS">
          <reporter-output>
          </reporter-output>
        </test-method> <!-- tearDown -->
      </class> <!-- TestPackge.AcctPageTesting -->
    </test> <!-- AcctPageTest -->
    <test started-at="2025-09-06T23:48:54 EDT" name="RegForm" finished-at="2025-09-06T23:49:36 EDT" duration-ms="42631">
      <class name="TestPackge.RegFormTest">
        <test-method is-config="true" signature="testSetup()[pri:0, instance:TestPackge.RegFormTest@2584b82d]" started-at="2025-09-06T23:48:54 EDT" name="testSetup" finished-at="2025-09-06T23:49:24 EDT" duration-ms="30263" status="PASS">
          <reporter-output>
          </reporter-output>
        </test-method> <!-- testSetup -->
        <test-method signature="regFormDetails()[pri:0, instance:TestPackge.RegFormTest@2584b82d]" started-at="2025-09-06T23:49:25 EDT" name="regFormDetails" finished-at="2025-09-06T23:49:36 EDT" duration-ms="11416" status="PASS">
          <reporter-output>
          </reporter-output>
        </test-method> <!-- regFormDetails -->
        <test-method is-config="true" signature="tearDown()[pri:0, instance:TestPackge.RegFormTest@2584b82d]" started-at="2025-09-06T23:49:36 EDT" name="tearDown" finished-at="2025-09-06T23:49:36 EDT" duration-ms="124" status="PASS">
          <reporter-output>
          </reporter-output>
        </test-method> <!-- tearDown -->
      </class> <!-- TestPackge.RegFormTest -->
    </test> <!-- RegForm -->
    <test started-at="2025-09-06T23:48:54 EDT" name="CustLoginTest" finished-at="2025-09-06T23:49:38 EDT" duration-ms="44620">
      <class name="TestPackge.CustomerLoginTest">
        <test-method is-config="true" signature="testSetup()[pri:0, instance:TestPackge.CustomerLoginTest@1500b2f3]" started-at="2025-09-06T23:48:54 EDT" name="testSetup" finished-at="2025-09-06T23:49:32 EDT" duration-ms="38226" status="PASS">
          <reporter-output>
          </reporter-output>
        </test-method> <!-- testSetup -->
        <test-method signature="checkTitle()[pri:1, instance:TestPackge.CustomerLoginTest@1500b2f3]" started-at="2025-09-06T23:49:32 EDT" name="checkTitle" finished-at="2025-09-06T23:49:37 EDT" duration-ms="4636" status="PASS">
          <reporter-output>
          </reporter-output>
        </test-method> <!-- checkTitle -->
        <test-method signature="checkCustomer()[pri:2, instance:TestPackge.CustomerLoginTest@1500b2f3]" started-at="2025-09-06T23:49:37 EDT" name="checkCustomer" finished-at="2025-09-06T23:49:38 EDT" duration-ms="1213" status="PASS">
          <reporter-output>
          </reporter-output>
        </test-method> <!-- checkCustomer -->
        <test-method is-config="true" signature="tearDown()[pri:0, instance:TestPackge.CustomerLoginTest@1500b2f3]" started-at="2025-09-06T23:49:38 EDT" name="tearDown" finished-at="2025-09-06T23:49:38 EDT" duration-ms="183" status="PASS">
          <reporter-output>
          </reporter-output>
        </test-method> <!-- tearDown -->
      </class> <!-- TestPackge.CustomerLoginTest -->
    </test> <!-- CustLoginTest -->
  </suite> <!-- PlaywrightPageObjectModel -->
</testng-results>
