<?xml version="1.0" encoding="UTF-8"?>
<!-- Generated by org.testng.reporters.JUnitXMLReporter -->
<testsuite ignored="0" hostname="Rahman2202" failures="0" tests="3" name="AcctPageTest" time="9.638" errors="0" timestamp="2025-09-05T01:35:30 EDT">
  <testcase classname="TestPackge.AcctPageTesting" name="accountDetails" time="2.485"/>
  <testcase classname="TestPackge.AcctPageTesting" name="depositTest" time="1.993"/>
  <testcase classname="TestPackge.AcctPageTesting" name="welcomeMsg" time="0.007"/>
</testsuite> <!-- AcctPageTest -->
